<?xml version="1.0" encoding="UTF-8"?>
<!-- Generated by org.testng.reporters.JUnitReportReporter -->
<testsuite hostname="LAPTOP-PSQO0K18" failures="0" tests="5" name="co.edu.icesi.Test_NG.OrdenTest" time="0.067" errors="0" timestamp="2019-11-15T12:08:10 COT" skipped="0">
  <testcase classname="co.edu.icesi.Test_NG.OrdenTest" name="ordenTest" time="0.006"/>
  <testcase classname="co.edu.icesi.Test_NG.OrdenTest" name="guardarOrderFallido" time="0.006"/>
  <testcase classname="co.edu.icesi.Test_NG.OrdenTest" name="guardarOrderExitoso" time="0.009"/>
  <testcase classname="co.edu.icesi.Test_NG.OrdenTest" name="actualizarOrderExitoso" time="0.040"/>
  <testcase classname="co.edu.icesi.Test_NG.OrdenTest" name="actualizarOrderFallido" time="0.006"/>
</testsuite> <!-- co.edu.icesi.Test_NG.OrdenTest -->
